[0m2021.02.22 09:24:38 INFO  Started: Metals version 0.9.10 in workspace '/Users/davidashley/Documents/Scala/playserver' for client vscode 1.52.1.[0m
[0m2021.02.22 09:24:39 INFO  time: initialize in 0.68s[0m
[0m2021.02.22 09:24:40 WARN  Build server is not auto-connectable.[0m
[0m2021.02.22 09:24:50 INFO  running '/Library/Java/JavaVirtualMachines/jdk1.8.0_201.jdk/Contents/Home/bin/java -Djline.terminal=jline.UnsupportedTerminal -Dsbt.log.noformat=true -Dfile.encoding=UTF-8 -jar /var/folders/g5/72rs6xkj1b709qvrrw_1365h0000gn/T/metals6643992551391214867/sbt-launch.jar -Dbloop.export-jar-classifiers=sources bloopInstall'[0m
[0m2021.02.22 09:24:50 WARN  no build target for: /Users/davidashley/Documents/Scala/playserver/project/metals.sbt[0m
[0m2021.02.22 09:24:50 WARN  no build target for: /Users/davidashley/Documents/Scala/playserver/project/project/metals.sbt[0m
[0m2021.02.22 09:24:50 WARN  Unable to produce semanticdb for /Users/davidashley/Documents/Scala/playserver/project/metals.sbt[0m
[0m2021.02.22 09:24:50 WARN  Unable to produce semanticdb for /Users/davidashley/Documents/Scala/playserver/project/project/metals.sbt[0m
[0m2021.02.22 09:24:50 INFO  skipping build import with status 'Started'[0m
[0m2021.02.22 09:24:53 INFO  [info] welcome to sbt 1.3.13 (Oracle Corporation Java 1.8.0_201)[0m
[0m2021.02.22 09:24:57 INFO  [info] loading settings for project playserver-build-build-build from metals.sbt ...[0m
[0m2021.02.22 09:24:57 INFO  [info] loading project definition from /Users/davidashley/Documents/Scala/playserver/project/project/project[0m
[0m2021.02.22 09:25:00 INFO  [warn] There may be incompatibilities among your library dependencies; run 'evicted' to see detailed eviction warnings.[0m
[0m2021.02.22 09:25:02 INFO  [info] loading settings for project playserver-build-build from metals.sbt ...[0m
[0m2021.02.22 09:25:02 INFO  [info] loading project definition from /Users/davidashley/Documents/Scala/playserver/project/project[0m
[0m2021.02.22 09:25:03 INFO  [warn] There may be incompatibilities among your library dependencies; run 'evicted' to see detailed eviction warnings.[0m
[0m2021.02.22 09:25:03 INFO  [success] Generated .bloop/playserver-build-build.json[0m
[0m2021.02.22 09:25:03 INFO  [success] Total time: 2 s, completed Feb 22, 2021 9:25:04 AM[0m
[0m2021.02.22 09:25:05 INFO  [info] loading settings for project playserver-build from plugins.sbt,metals.sbt ...[0m
[0m2021.02.22 09:25:05 INFO  [info] loading project definition from /Users/davidashley/Documents/Scala/playserver/project[0m
[0m2021.02.22 09:25:08 INFO  [warn] There may be incompatibilities among your library dependencies; run 'evicted' to see detailed eviction warnings.[0m
[0m2021.02.22 09:25:08 INFO  [success] Generated .bloop/playserver-build.json[0m
[0m2021.02.22 09:25:08 INFO  [success] Total time: 4 s, completed Feb 22, 2021 9:25:09 AM[0m
[0m2021.02.22 09:25:11 INFO  [info] loading settings for project root from build.sbt ...[0m
[0m2021.02.22 09:25:11 INFO  [info] set current project to playServer (in build file:/Users/davidashley/Documents/Scala/playserver/)[0m
[0m2021.02.22 09:25:15 INFO  [warn] There may be incompatibilities among your library dependencies; run 'evicted' to see detailed eviction warnings.[0m
[0m2021.02.22 09:25:15 INFO  [warn] There may be incompatibilities among your library dependencies; run 'evicted' to see detailed eviction warnings.[0m
[0m2021.02.22 09:25:15 INFO  [success] Generated .bloop/root-test.json[0m
[0m2021.02.22 09:25:15 INFO  [success] Generated .bloop/root.json[0m
[0m2021.02.22 09:25:15 INFO  [success] Total time: 3 s, completed Feb 22, 2021 9:25:16 AM[0m
[0m2021.02.22 09:25:16 INFO  sbt bloopInstall exit: 0[0m
[0m2021.02.22 09:25:16 INFO  time: ran 'sbt bloopInstall' in 25s[0m
[0m2021.02.22 09:25:16 INFO  Attempting to connect to the build server...[0m
Starting the bsp launcher for bloop...
Opening a bsp server connection with 'bsp --protocol local --socket /var/folders/g5/72rs6xkj1b709qvrrw_1365h0000gn/T/bsp-launcher6991803914801308565/bsp.socket'...
Waiting for the bsp connection to come up...
Waiting for the bsp connection to come up...
Waiting for the bsp connection to come up...
Waiting for the bsp connection to come up...
No server running at 127.0.0.1:8212, let's fire one...
Resolving ch.epfl.scala:bloop-frontend_2.12:1.4.6-21-464e4ec4...
Starting bloop server at 127.0.0.1:8212...
Attempting a connection to the server...
Attempting a connection to the server...
Attempting a connection to the server...
Attempting a connection to the server...
Attempting a connection to the server...
[0m[32m[D][0m Loading 2 projects from '/Users/davidashley/Documents/Scala/playserver/.bloop'...
[0m[32m[D][0m Loading project from '/Users/davidashley/Documents/Scala/playserver/.bloop/root.json'
[0m[32m[D][0m Loading project from '/Users/davidashley/Documents/Scala/playserver/.bloop/root-test.json'
[0m[32m[D][0m Cache miss for scala instance org.scala-lang:scala-compiler:2.13.3.
[0m[32m[D][0m   => /Users/davidashley/Library/Caches/Coursier/v1/https/repo1.maven.org/maven2/net/java/dev/jna/jna/5.3.1/jna-5.3.1.jar
[0m[32m[D][0m   => /Users/davidashley/Library/Caches/Coursier/v1/https/repo1.maven.org/maven2/org/jline/jline/3.15.0/jline-3.15.0.jar
[0m[32m[D][0m   => /Users/davidashley/Library/Caches/Coursier/v1/https/repo1.maven.org/maven2/org/scala-lang/scala-compiler/2.13.3/scala-compiler-2.13.3.jar
[0m[32m[D][0m   => /Users/davidashley/Library/Caches/Coursier/v1/https/repo1.maven.org/maven2/org/scala-lang/scala-library/2.13.3/scala-library-2.13.3.jar
[0m[32m[D][0m   => /Users/davidashley/Library/Caches/Coursier/v1/https/repo1.maven.org/maven2/org/scala-lang/scala-reflect/2.13.3/scala-reflect-2.13.3.jar
[0m[32m[D][0m Missing analysis file for project 'root'
[0m[32m[D][0m Missing analysis file for project 'root-test'
[0m[32m[D][0m Waiting for a connection at local:///var/folders/g5/72rs6xkj1b709qvrrw_1365h0000gn/T/bsp-launcher6991803914801308565/bsp.socket...
The server is listening for incoming connections at local:///var/folders/g5/72rs6xkj1b709qvrrw_1365h0000gn/T/bsp-launcher6991803914801308565/bsp.socket...
Starting thread that pumps stdin and redirects it to the bsp server...
Starting thread that pumps server stdout and redirects it to the client stdout...
[0m2021.02.22 09:25:19 INFO  tracing is disabled for protocol BSP, to enable tracing of incoming and outgoing JSON messages create an empty file at /Users/davidashley/Library/Caches/org.scalameta.metals/bsp.trace.json[0m
[0m2021.02.22 09:25:21 INFO  Attempting to connect to the build server...[0m
[0m2021.02.22 09:25:21 INFO  Starting the bsp launcher for bloop...Attempting to connect to the build server...[0m

Opening a bsp server connection with 'bsp --protocol local --socket /var/folders/g5/72rs6xkj1b709qvrrw_1365h0000gn/T/bsp-launcher5980060416728474298/bsp.socket'...
Waiting for the bsp connection to come up...
Starting the bsp launcher for bloop...
Opening a bsp server connection with 'bsp --protocol local --socket /var/folders/g5/72rs6xkj1b709qvrrw_1365h0000gn/T/bsp-launcher8626068530028011508/bsp.socket'...
Waiting for the bsp connection to come up...
[0m[32m[D][0m Loading workspace settings from bloop.settings.json
[0m[32m[D][0m Waiting for a connection at local:///var/folders/g5/72rs6xkj1b709qvrrw_1365h0000gn/T/bsp-launcher5980060416728474298/bsp.socket...
The server is listening for incoming connections at local:///var/folders/g5/72rs6xkj1b709qvrrw_1365h0000gn/T/bsp-launcher5980060416728474298/bsp.socket...
[0m[32m[D][0m Loading workspace settings from bloop.settings.json
[0m[32m[D][0m Waiting for a connection at local:///var/folders/g5/72rs6xkj1b709qvrrw_1365h0000gn/T/bsp-launcher8626068530028011508/bsp.socket...
The server is listening for incoming connections at local:///var/folders/g5/72rs6xkj1b709qvrrw_1365h0000gn/T/bsp-launcher8626068530028011508/bsp.socket...
Starting thread that pumps stdin and redirects it to the bsp server...
Starting thread that pumps server stdout and redirects it to the client stdout...
Starting thread that pumps stdin and redirects it to the bsp server...
Starting thread that pumps server stdout and redirects it to the client stdout...
[0m2021.02.22 09:25:21 INFO  tracing is disabled for protocol BSP, to enable tracing of incoming and outgoing JSON messages create an empty file at /Users/davidashley/Library/Caches/org.scalameta.metals/bsp.trace.json[0m
[0m2021.02.22 09:25:21 INFO  tracing is disabled for protocol BSP, to enable tracing of incoming and outgoing JSON messages create an empty file at /Users/davidashley/Library/Caches/org.scalameta.metals/bsp.trace.json[0m
[0m2021.02.22 09:25:21 INFO  time: connected to build server in 6.12s[0m
[0m2021.02.22 09:25:21 INFO  Connected to Build server v1.4.6-21-464e4ec4[0m
[0m2021.02.22 09:25:22 INFO  time: imported build in 0.12s[0m
[0m2021.02.22 09:25:28 INFO  time: indexed workspace in 6.04s[0m
